
Sat Jan 26 2019 08:35:05 GMT+0200 (Eastern European Standard Time): localhost:3000 GET/b
Sat Jan 26 2019 08:35:18 GMT+0200 (Eastern European Standard Time): localhost:3000 GET/b
Sat Jan 26 2019 08:36:08 GMT+0200 (Eastern European Standard Time): localhost:3000 GET/b
Sat Jan 26 2019 08:36:36 GMT+0200 (Eastern European Standard Time): localhost:3000 GET/b
Sat Jan 26 2019 08:37:18 GMT+0200 (Eastern European Standard Time): localhost:3000 GET/b
Sat Jan 26 2019 08:37:19 GMT+0200 (Eastern European Standard Time): localhost:3000 GET/b
Sat Jan 26 2019 08:37:54 GMT+0200 (Eastern European Standard Time): localhost:3000 GET/b
Sat Jan 26 2019 08:37:58 GMT+0200 (Eastern European Standard Time): localhost:3000 GET/b
Sat Jan 26 2019 08:38:38 GMT+0200 (Eastern European Standard Time): localhost:3000 GET/b
Sat Jan 26 2019 08:38:39 GMT+0200 (Eastern European Standard Time): localhost:3000 GET/b
Sat Jan 26 2019 08:40:04 GMT+0200 (Eastern European Standard Time): localhost:3000 GET/b
Sat Jan 26 2019 08:40:10 GMT+0200 (Eastern European Standard Time): localhost:3000 GET/b
Sat Jan 26 2019 08:41:21 GMT+0200 (Eastern European Standard Time): localhost:3000 GET/b
Sat Jan 26 2019 08:41:50 GMT+0200 (Eastern European Standard Time): localhost:3000 GET/b
Sat Jan 26 2019 08:43:17 GMT+0200 (Eastern European Standard Time): localhost:3000 GET/b
Sat Jan 26 2019 08:43:31 GMT+0200 (Eastern European Standard Time): localhost:3000 GET/
Sat Jan 26 2019 08:43:33 GMT+0200 (Eastern European Standard Time): localhost:3000 GET/b
Sat Jan 26 2019 08:43:57 GMT+0200 (Eastern European Standard Time): localhost:3000 GET/
Sat Jan 26 2019 08:43:59 GMT+0200 (Eastern European Standard Time): localhost:3000 GET/b
Sat Jan 26 2019 08:44:14 GMT+0200 (Eastern European Standard Time): localhost:3000 GET/b
Sat Jan 26 2019 08:44:15 GMT+0200 (Eastern European Standard Time): localhost:3000 GET/b
Sat Jan 26 2019 08:44:16 GMT+0200 (Eastern European Standard Time): localhost:3000 GET/b
Sat Jan 26 2019 08:44:17 GMT+0200 (Eastern European Standard Time): localhost:3000 GET/b
Sat Jan 26 2019 08:44:18 GMT+0200 (Eastern European Standard Time): localhost:3000 GET/b
Sat Jan 26 2019 08:44:30 GMT+0200 (Eastern European Standard Time): localhost:3000 GET/b
Sat Jan 26 2019 08:44:31 GMT+0200 (Eastern European Standard Time): localhost:3000 GET/
Sat Jan 26 2019 08:44:34 GMT+0200 (Eastern European Standard Time): localhost:3000 GET/b
Sat Jan 26 2019 08:44:36 GMT+0200 (Eastern European Standard Time): localhost:3000 GET/
Sat Jan 26 2019 08:44:42 GMT+0200 (Eastern European Standard Time): localhost:3000 GET/p
Sat Jan 26 2019 08:44:42 GMT+0200 (Eastern European Standard Time): localhost:3000 GET/p
Sat Jan 26 2019 08:44:48 GMT+0200 (Eastern European Standard Time): localhost:3000 GET/b
Sat Jan 26 2019 08:46:12 GMT+0200 (Eastern European Standard Time): localhost:3000 GET/g/git
Sat Jan 26 2019 08:46:12 GMT+0200 (Eastern European Standard Time): localhost:3000 GET/main_git.css
